Epoch:    24 | Batch:   232 | Loss: 0.000896
Epoch:    24 | Batch:   242 | Loss: 0.000894
Epoch:    24 | Batch:   252 | Loss: 0.001136
Epoch:    24 | Batch:   262 | Loss: 0.001048
Epoch:    24 | Batch:   272 | Loss: 0.001211
Epoch:    24 | Batch:   282 | Loss: 0.001094
Epoch:    24 | Batch:   292 | Loss: 0.001009
Epoch:    24 | Batch:   302 | Loss: 0.001053
Epoch:    24 | Batch:   312 | Loss: 0.001147
Epoch:    24 | Batch:   322 | Loss: 0.000859
Epoch:    24 | Batch:   332 | Loss: 0.001077
Epoch:    24 | Batch:   342 | Loss: 0.001481
Epoch:    24 | Batch:   352 | Loss: 0.000854
Epoch:    24 | Batch:   362 | Loss: 0.001038
Epoch:    24 | Batch:   372 | Loss: 0.001254
Epoch:    24 | Batch:   382 | Loss: 0.001009
Epoch:    25 | Batch:     9 | Loss: 0.000987
Epoch:    25 | Batch:    19 | Loss: 0.001070
Epoch:    25 | Batch:    29 | Loss: 0.001130
Epoch:    25 | Batch:    39 | Loss: 0.001294
Epoch:    25 | Batch:    49 | Loss: 0.001138
Epoch:    25 | Batch:    59 | Loss: 0.001135
Epoch:    25 | Batch:    69 | Loss: 0.000964
Epoch:    25 | Batch:    79 | Loss: 0.001028
Epoch:    25 | Batch:    89 | Loss: 0.000928
Epoch:    25 | Batch:    99 | Loss: 0.000997
Epoch:    25 | Batch:   109 | Loss: 0.001068
Epoch:    25 | Batch:   119 | Loss: 0.001035
Epoch:    25 | Batch:   129 | Loss: 0.000769
Epoch:    25 | Batch:   139 | Loss: 0.000897
Epoch:    25 | Batch:   149 | Loss: 0.000949
Epoch:    25 | Batch:   159 | Loss: 0.001178
Epoch:    25 | Batch:   169 | Loss: 0.001185
Epoch:    25 | Batch:   179 | Loss: 0.000952
Epoch:    25 | Batch:   189 | Loss: 0.001140
Epoch:    25 | Batch:   199 | Loss: 0.001152
Epoch:    25 | Batch:   209 | Loss: 0.000958
Epoch:    25 | Batch:   219 | Loss: 0.000911
Epoch:    25 | Batch:   229 | Loss: 0.000983
Epoch:    25 | Batch:   239 | Loss: 0.000809
Epoch:    25 | Batch:   249 | Loss: 0.001022
Epoch:    25 | Batch:   259 | Loss: 0.000928
Epoch:    25 | Batch:   269 | Loss: 0.001047
Epoch:    25 | Batch:   279 | Loss: 0.001124
Epoch:    25 | Batch:   289 | Loss: 0.000922
Epoch:    25 | Batch:   299 | Loss: 0.001149
Epoch:    25 | Batch:   309 | Loss: 0.000929
Epoch:    25 | Batch:   319 | Loss: 0.000960
Epoch:    25 | Batch:   329 | Loss: 0.000912
Epoch:    25 | Batch:   339 | Loss: 0.000938
Epoch:    25 | Batch:   349 | Loss: 0.000839
Epoch:    25 | Batch:   359 | Loss: 0.001040
Epoch:    25 | Batch:   369 | Loss: 0.000938
Epoch:    25 | Batch:   379 | Loss: 0.001096
Epoch:    26 | Batch:     6 | Loss: 0.000886
Epoch:    26 | Batch:    16 | Loss: 0.000921
Epoch:    26 | Batch:    26 | Loss: 0.000828
Epoch:    26 | Batch:    36 | Loss: 0.000996
Epoch:    26 | Batch:    46 | Loss: 0.001015
Epoch:    26 | Batch:    56 | Loss: 0.000909
Epoch:    26 | Batch:    66 | Loss: 0.001289
Epoch:    26 | Batch:    76 | Loss: 0.001090
Epoch:    26 | Batch:    86 | Loss: 0.001104
Epoch:    26 | Batch:    96 | Loss: 0.000998
Epoch:    26 | Batch:   106 | Loss: 0.000890
Epoch:    26 | Batch:   116 | Loss: 0.001452
Epoch:    26 | Batch:   126 | Loss: 0.000953
Epoch:    26 | Batch:   136 | Loss: 0.001130
Epoch:    26 | Batch:   146 | Loss: 0.000896
Epoch:    26 | Batch:   156 | Loss: 0.000863
Epoch:    26 | Batch:   166 | Loss: 0.000979
Epoch:    26 | Batch:   176 | Loss: 0.001082
Epoch:    26 | Batch:   186 | Loss: 0.001243
Epoch:    26 | Batch:   196 | Loss: 0.001073
Epoch:    26 | Batch:   206 | Loss: 0.000909
Epoch:    26 | Batch:   216 | Loss: 0.001085
Epoch:    26 | Batch:   226 | Loss: 0.000907
Epoch:    26 | Batch:   236 | Loss: 0.001103
Epoch:    26 | Batch:   246 | Loss: 0.001187
Epoch:    26 | Batch:   256 | Loss: 0.000819
Epoch:    26 | Batch:   266 | Loss: 0.001021
Epoch:    26 | Batch:   276 | Loss: 0.000948
Epoch:    26 | Batch:   286 | Loss: 0.001218
Epoch:    26 | Batch:   296 | Loss: 0.000958
Epoch:    26 | Batch:   306 | Loss: 0.000968
Epoch:    26 | Batch:   316 | Loss: 0.000890
Epoch:    26 | Batch:   326 | Loss: 0.000943
Epoch:    26 | Batch:   336 | Loss: 0.001127
Epoch:    26 | Batch:   346 | Loss: 0.001039
Epoch:    26 | Batch:   356 | Loss: 0.001090
Epoch:    26 | Batch:   366 | Loss: 0.000921
Epoch:    26 | Batch:   376 | Loss: 0.000854
Epoch:    27 | Batch:     3 | Loss: 0.001115
Epoch:    27 | Batch:    13 | Loss: 0.000941
Epoch:    27 | Batch:    23 | Loss: 0.000978
Epoch:    27 | Batch:    33 | Loss: 0.000987
Epoch:    27 | Batch:    43 | Loss: 0.001071
Epoch:    27 | Batch:    53 | Loss: 0.001283
Epoch:    27 | Batch:    63 | Loss: 0.001052
Epoch:    27 | Batch:    73 | Loss: 0.000998
Epoch:    27 | Batch:    83 | Loss: 0.001117
Epoch:    27 | Batch:    93 | Loss: 0.000920
Epoch:    27 | Batch:   103 | Loss: 0.001105
Epoch:    27 | Batch:   113 | Loss: 0.001083
Epoch:    27 | Batch:   123 | Loss: 0.001090
Epoch:    27 | Batch:   133 | Loss: 0.000946
Epoch:    27 | Batch:   143 | Loss: 0.001184
Epoch:    27 | Batch:   153 | Loss: 0.000933
Epoch:    27 | Batch:   163 | Loss: 0.001014
Epoch:    27 | Batch:   173 | Loss: 0.001090
Epoch:    27 | Batch:   183 | Loss: 0.001029
Epoch:    27 | Batch:   193 | Loss: 0.000850
Epoch:    27 | Batch:   203 | Loss: 0.000952
Epoch:    27 | Batch:   213 | Loss: 0.000930
Epoch:    27 | Batch:   223 | Loss: 0.001111
Epoch:    27 | Batch:   233 | Loss: 0.001075
Epoch:    27 | Batch:   243 | Loss: 0.000958
Epoch:    27 | Batch:   253 | Loss: 0.000929
Epoch:    27 | Batch:   263 | Loss: 0.000971
Epoch:    27 | Batch:   273 | Loss: 0.001017
Epoch:    27 | Batch:   283 | Loss: 0.000902
Epoch:    27 | Batch:   293 | Loss: 0.000930
Epoch:    27 | Batch:   303 | Loss: 0.000904
Epoch:    27 | Batch:   313 | Loss: 0.001052
Epoch:    27 | Batch:   323 | Loss: 0.001095
Epoch:    27 | Batch:   333 | Loss: 0.001038
Epoch:    27 | Batch:   343 | Loss: 0.000873
Epoch:    27 | Batch:   353 | Loss: 0.000915
Epoch:    27 | Batch:   363 | Loss: 0.000869
Epoch:    27 | Batch:   373 | Loss: 0.000950
Epoch:    27 | Batch:   383 | Loss: 0.000893
Epoch:    28 | Batch:    10 | Loss: 0.001162
Epoch:    28 | Batch:    20 | Loss: 0.000922
Epoch:    28 | Batch:    30 | Loss: 0.000877
Epoch:    28 | Batch:    40 | Loss: 0.000963
Epoch:    28 | Batch:    50 | Loss: 0.001038
Epoch:    28 | Batch:    60 | Loss: 0.000828
Epoch:    28 | Batch:    70 | Loss: 0.001095
Epoch:    28 | Batch:    80 | Loss: 0.000840
Epoch:    28 | Batch:    90 | Loss: 0.000891
Epoch:    28 | Batch:   100 | Loss: 0.001070
Epoch:    28 | Batch:   110 | Loss: 0.001346
Epoch:    28 | Batch:   120 | Loss: 0.000860
Epoch:    28 | Batch:   130 | Loss: 0.000783
Epoch:    28 | Batch:   140 | Loss: 0.000786
Epoch:    28 | Batch:   150 | Loss: 0.001118
Epoch:    28 | Batch:   160 | Loss: 0.000782
Epoch:    28 | Batch:   170 | Loss: 0.001213
Epoch:    28 | Batch:   180 | Loss: 0.000778
Epoch:    28 | Batch:   190 | Loss: 0.000928
Epoch:    28 | Batch:   200 | Loss: 0.000964
Epoch:    28 | Batch:   210 | Loss: 0.000862
Epoch:    28 | Batch:   220 | Loss: 0.000952
Epoch:    28 | Batch:   230 | Loss: 0.001042
Epoch:    28 | Batch:   240 | Loss: 0.000891
Epoch:    28 | Batch:   250 | Loss: 0.000857
Epoch:    28 | Batch:   260 | Loss: 0.000895
Epoch:    28 | Batch:   270 | Loss: 0.001083
Epoch:    28 | Batch:   280 | Loss: 0.001355
Epoch:    28 | Batch:   290 | Loss: 0.000975
Epoch:    28 | Batch:   300 | Loss: 0.000923
Epoch:    28 | Batch:   310 | Loss: 0.001149
Epoch:    28 | Batch:   320 | Loss: 0.000759
Epoch:    28 | Batch:   330 | Loss: 0.000876
Epoch:    28 | Batch:   340 | Loss: 0.001015
Epoch:    28 | Batch:   350 | Loss: 0.001070
Epoch:    28 | Batch:   360 | Loss: 0.000971
Epoch:    28 | Batch:   370 | Loss: 0.000879
Epoch:    28 | Batch:   380 | Loss: 0.000913
Epoch:    29 | Batch:     7 | Loss: 0.000765
Epoch:    29 | Batch:    17 | Loss: 0.000958
Epoch:    29 | Batch:    27 | Loss: 0.001057
Epoch:    29 | Batch:    37 | Loss: 0.000944
Epoch:    29 | Batch:    47 | Loss: 0.000862
Epoch:    29 | Batch:    57 | Loss: 0.000820
Epoch:    29 | Batch:    67 | Loss: 0.000715
Epoch:    29 | Batch:    77 | Loss: 0.001093
Epoch:    29 | Batch:    87 | Loss: 0.000888
Epoch:    29 | Batch:    97 | Loss: 0.000766
Epoch:    29 | Batch:   107 | Loss: 0.000859
Epoch:    29 | Batch:   117 | Loss: 0.000949
Epoch:    29 | Batch:   127 | Loss: 0.000857
Epoch:    29 | Batch:   137 | Loss: 0.000721
Epoch:    29 | Batch:   147 | Loss: 0.000967
Epoch:    29 | Batch:   157 | Loss: 0.000868
Epoch:    29 | Batch:   167 | Loss: 0.001033
Epoch:    29 | Batch:   177 | Loss: 0.000931
Epoch:    29 | Batch:   187 | Loss: 0.000893
Epoch:    29 | Batch:   197 | Loss: 0.001059
Epoch:    29 | Batch:   207 | Loss: 0.000985
Epoch:    29 | Batch:   217 | Loss: 0.000933
Epoch:    29 | Batch:   227 | Loss: 0.000996
Epoch:    29 | Batch:   237 | Loss: 0.000935
Epoch:    29 | Batch:   247 | Loss: 0.000849
Epoch:    29 | Batch:   257 | Loss: 0.000962
Epoch:    29 | Batch:   267 | Loss: 0.000984
Epoch:    29 | Batch:   277 | Loss: 0.000861
Epoch:    29 | Batch:   287 | Loss: 0.000891
Epoch:    29 | Batch:   297 | Loss: 0.001170
Epoch:    29 | Batch:   307 | Loss: 0.000714
Epoch:    29 | Batch:   317 | Loss: 0.000775
Epoch:    29 | Batch:   327 | Loss: 0.000935
Epoch:    29 | Batch:   337 | Loss: 0.000906
Epoch:    29 | Batch:   347 | Loss: 0.000836
Epoch:    29 | Batch:   357 | Loss: 0.000885
Epoch:    29 | Batch:   367 | Loss: 0.001029
Epoch:    29 | Batch:   377 | Loss: 0.000994
Epoch:    30 | Batch:     4 | Loss: 0.000954
Epoch:    30 | Batch:    14 | Loss: 0.001088
Epoch:    30 | Batch:    24 | Loss: 0.000847
Epoch:    30 | Batch:    34 | Loss: 0.001072
Epoch:    30 | Batch:    44 | Loss: 0.000869
Epoch:    30 | Batch:    54 | Loss: 0.000907
Epoch:    30 | Batch:    64 | Loss: 0.000893
Epoch:    30 | Batch:    74 | Loss: 0.001013
Epoch:    30 | Batch:    84 | Loss: 0.001040
Epoch:    30 | Batch:    94 | Loss: 0.000773
Epoch:    30 | Batch:   104 | Loss: 0.000987
Epoch:    30 | Batch:   114 | Loss: 0.000977
Epoch:    30 | Batch:   124 | Loss: 0.000919
Epoch:    30 | Batch:   134 | Loss: 0.001280
Epoch:    30 | Batch:   144 | Loss: 0.001036
Epoch:    30 | Batch:   154 | Loss: 0.001004
Epoch:    30 | Batch:   164 | Loss: 0.000912
Epoch:    30 | Batch:   174 | Loss: 0.000957
Epoch:    30 | Batch:   184 | Loss: 0.000844
Epoch:    30 | Batch:   194 | Loss: 0.000959
Epoch:    30 | Batch:   204 | Loss: 0.000841
Epoch:    30 | Batch:   214 | Loss: 0.000971
Epoch:    30 | Batch:   224 | Loss: 0.001005
Epoch:    30 | Batch:   234 | Loss: 0.000792
Epoch:    30 | Batch:   244 | Loss: 0.000903
Epoch:    30 | Batch:   254 | Loss: 0.001014
Epoch:    30 | Batch:   264 | Loss: 0.001021
Epoch:    30 | Batch:   274 | Loss: 0.000885
Epoch:    30 | Batch:   284 | Loss: 0.001239
Epoch:    30 | Batch:   294 | Loss: 0.000968
Epoch:    30 | Batch:   304 | Loss: 0.000976
Epoch:    30 | Batch:   314 | Loss: 0.001010
Epoch:    30 | Batch:   324 | Loss: 0.000725
Epoch:    30 | Batch:   334 | Loss: 0.000904
Epoch:    30 | Batch:   344 | Loss: 0.001026
Epoch:    30 | Batch:   354 | Loss: 0.000731
Epoch:    30 | Batch:   364 | Loss: 0.000869
Epoch:    30 | Batch:   374 | Loss: 0.000941
Epoch:    31 | Batch:     1 | Loss: 0.000895
Epoch:    31 | Batch:    11 | Loss: 0.000626
Epoch:    31 | Batch:    21 | Loss: 0.000808
Epoch:    31 | Batch:    31 | Loss: 0.000930
Epoch:    31 | Batch:    41 | Loss: 0.000853
Epoch:    31 | Batch:    51 | Loss: 0.000826
Epoch:    31 | Batch:    61 | Loss: 0.000763
Epoch:    31 | Batch:    71 | Loss: 0.000978
Epoch:    31 | Batch:    81 | Loss: 0.000948
Epoch:    31 | Batch:    91 | Loss: 0.000892
Epoch:    31 | Batch:   101 | Loss: 0.000951
Epoch:    31 | Batch:   111 | Loss: 0.000648
Epoch:    31 | Batch:   121 | Loss: 0.000869
Epoch:    31 | Batch:   131 | Loss: 0.000778
Epoch:    31 | Batch:   141 | Loss: 0.000967
Epoch:    31 | Batch:   151 | Loss: 0.000754
Epoch:    31 | Batch:   161 | Loss: 0.000947
Epoch:    31 | Batch:   171 | Loss: 0.000815
Epoch:    31 | Batch:   181 | Loss: 0.000768
Epoch:    31 | Batch:   191 | Loss: 0.000984
Epoch:    31 | Batch:   201 | Loss: 0.000716
Epoch:    31 | Batch:   211 | Loss: 0.001120
Epoch:    31 | Batch:   221 | Loss: 0.000916
Epoch:    31 | Batch:   231 | Loss: 0.000850
Epoch:    31 | Batch:   241 | Loss: 0.001127
Epoch:    31 | Batch:   251 | Loss: 0.001153
Epoch:    31 | Batch:   261 | Loss: 0.001296
Epoch:    31 | Batch:   271 | Loss: 0.000970
Epoch:    31 | Batch:   281 | Loss: 0.000865
Epoch:    31 | Batch:   291 | Loss: 0.000886
Epoch:    31 | Batch:   301 | Loss: 0.001069
Epoch:    31 | Batch:   311 | Loss: 0.001155
Epoch:    31 | Batch:   321 | Loss: 0.001024
Epoch:    31 | Batch:   331 | Loss: 0.000946
Epoch:    31 | Batch:   341 | Loss: 0.001079
Epoch:    31 | Batch:   351 | Loss: 0.000992
Epoch:    31 | Batch:   361 | Loss: 0.001096
Epoch:    31 | Batch:   371 | Loss: 0.000960
Epoch:    31 | Batch:   381 | Loss: 0.001075
Epoch:    32 | Batch:     8 | Loss: 0.000739
Epoch:    32 | Batch:    18 | Loss: 0.000797
Epoch:    32 | Batch:    28 | Loss: 0.000831
Epoch:    32 | Batch:    38 | Loss: 0.000843
Epoch:    32 | Batch:    48 | Loss: 0.000695
Epoch:    32 | Batch:    58 | Loss: 0.000800
Epoch:    32 | Batch:    68 | Loss: 0.001059
Epoch:    32 | Batch:    78 | Loss: 0.000814
Epoch:    32 | Batch:    88 | Loss: 0.000966
Epoch:    32 | Batch:    98 | Loss: 0.000872
Epoch:    32 | Batch:   108 | Loss: 0.000691
Epoch:    32 | Batch:   118 | Loss: 0.000921
Epoch:    32 | Batch:   128 | Loss: 0.000733
Epoch:    32 | Batch:   138 | Loss: 0.000704
Epoch:    32 | Batch:   148 | Loss: 0.000821
Epoch:    32 | Batch:   158 | Loss: 0.000986
Epoch:    32 | Batch:   168 | Loss: 0.000897
Epoch:    32 | Batch:   178 | Loss: 0.001089
Epoch:    32 | Batch:   188 | Loss: 0.000643
Epoch:    32 | Batch:   198 | Loss: 0.000856
Epoch:    32 | Batch:   208 | Loss: 0.000761
Epoch:    32 | Batch:   218 | Loss: 0.000871
Epoch:    32 | Batch:   228 | Loss: 0.000976
Epoch:    32 | Batch:   238 | Loss: 0.000910
Epoch:    32 | Batch:   248 | Loss: 0.001001
Epoch:    32 | Batch:   258 | Loss: 0.000862
Epoch:    32 | Batch:   268 | Loss: 0.001067
Epoch:    32 | Batch:   278 | Loss: 0.000862
Epoch:    32 | Batch:   288 | Loss: 0.000913
Epoch:    32 | Batch:   298 | Loss: 0.000830
Epoch:    32 | Batch:   308 | Loss: 0.000843
Epoch:    32 | Batch:   318 | Loss: 0.000958
Epoch:    32 | Batch:   328 | Loss: 0.001135
Epoch:    32 | Batch:   338 | Loss: 0.000851
Epoch:    32 | Batch:   348 | Loss: 0.000850
Epoch:    32 | Batch:   358 | Loss: 0.000873
Epoch:    32 | Batch:   368 | Loss: 0.000843
Epoch:    32 | Batch:   378 | Loss: 0.000955
Epoch:    33 | Batch:     5 | Loss: 0.000739
Epoch:    33 | Batch:    15 | Loss: 0.000900
Epoch:    33 | Batch:    25 | Loss: 0.000734
Epoch:    33 | Batch:    35 | Loss: 0.000841
Epoch:    33 | Batch:    45 | Loss: 0.000694
Epoch:    33 | Batch:    55 | Loss: 0.000934
Epoch:    33 | Batch:    65 | Loss: 0.001177
Epoch:    33 | Batch:    75 | Loss: 0.000813
Epoch:    33 | Batch:    85 | Loss: 0.000807
Epoch:    33 | Batch:    95 | Loss: 0.000847
Epoch:    33 | Batch:   105 | Loss: 0.000966
Epoch:    33 | Batch:   115 | Loss: 0.000663
Epoch:    33 | Batch:   125 | Loss: 0.000784
Epoch:    33 | Batch:   135 | Loss: 0.000788
Epoch:    33 | Batch:   145 | Loss: 0.000881
Epoch:    33 | Batch:   155 | Loss: 0.000693
Epoch:    33 | Batch:   165 | Loss: 0.000821
Epoch:    33 | Batch:   175 | Loss: 0.000697
Epoch:    33 | Batch:   185 | Loss: 0.000896
Epoch:    33 | Batch:   195 | Loss: 0.000802
Epoch:    33 | Batch:   205 | Loss: 0.001014
Epoch:    33 | Batch:   215 | Loss: 0.000712
Epoch:    33 | Batch:   225 | Loss: 0.000620
Epoch:    33 | Batch:   235 | Loss: 0.000997
Epoch:    33 | Batch:   245 | Loss: 0.000702
Epoch:    33 | Batch:   255 | Loss: 0.000913
Epoch:    33 | Batch:   265 | Loss: 0.000832
Epoch:    33 | Batch:   275 | Loss: 0.000819
Epoch:    33 | Batch:   285 | Loss: 0.000841
Epoch:    33 | Batch:   295 | Loss: 0.000901
Epoch:    33 | Batch:   305 | Loss: 0.000868
Epoch:    33 | Batch:   315 | Loss: 0.000614
Epoch:    33 | Batch:   325 | Loss: 0.000679
Epoch:    33 | Batch:   335 | Loss: 0.001037
Epoch:    33 | Batch:   345 | Loss: 0.000820
Epoch:    33 | Batch:   355 | Loss: 0.000926
Epoch:    33 | Batch:   365 | Loss: 0.000910
Epoch:    33 | Batch:   375 | Loss: 0.000707
Epoch:    34 | Batch:     2 | Loss: 0.000829
Epoch:    34 | Batch:    12 | Loss: 0.000878
Epoch:    34 | Batch:    22 | Loss: 0.000761
Epoch:    34 | Batch:    32 | Loss: 0.000733
Epoch:    34 | Batch:    42 | Loss: 0.000762
Epoch:    34 | Batch:    52 | Loss: 0.001031
Epoch:    34 | Batch:    62 | Loss: 0.000952
Epoch:    34 | Batch:    72 | Loss: 0.000804
Epoch:    34 | Batch:    82 | Loss: 0.000917
Epoch:    34 | Batch:    92 | Loss: 0.000657
Epoch:    34 | Batch:   102 | Loss: 0.000770
Epoch:    34 | Batch:   112 | Loss: 0.000719
Epoch:    34 | Batch:   122 | Loss: 0.000764
Epoch:    34 | Batch:   132 | Loss: 0.000791
Epoch:    34 | Batch:   142 | Loss: 0.000798
Epoch:    34 | Batch:   152 | Loss: 0.000934
Epoch:    34 | Batch:   162 | Loss: 0.001031
Epoch:    34 | Batch:   172 | Loss: 0.000738
Epoch:    34 | Batch:   182 | Loss: 0.000840
Epoch:    34 | Batch:   192 | Loss: 0.000850
Epoch:    34 | Batch:   202 | Loss: 0.000643
Epoch:    34 | Batch:   212 | Loss: 0.000835
Epoch:    34 | Batch:   222 | Loss: 0.000850
Epoch:    34 | Batch:   232 | Loss: 0.000674
Epoch:    34 | Batch:   242 | Loss: 0.000931
Epoch:    34 | Batch:   252 | Loss: 0.000777
Epoch:    34 | Batch:   262 | Loss: 0.000902
Epoch:    34 | Batch:   272 | Loss: 0.000975
Epoch:    34 | Batch:   282 | Loss: 0.000906
Epoch:    34 | Batch:   292 | Loss: 0.000841
Epoch:    34 | Batch:   302 | Loss: 0.000962
Epoch:    34 | Batch:   312 | Loss: 0.000622
Epoch:    34 | Batch:   322 | Loss: 0.000781
Epoch:    34 | Batch:   332 | Loss: 0.000803
Epoch:    34 | Batch:   342 | Loss: 0.000981
Epoch:    34 | Batch:   352 | Loss: 0.000758
Epoch:    34 | Batch:   362 | Loss: 0.000867
Epoch:    34 | Batch:   372 | Loss: 0.000815
Epoch:    34 | Batch:   382 | Loss: 0.000920
Epoch:    35 | Batch:     9 | Loss: 0.000688
Epoch:    35 | Batch:    19 | Loss: 0.000744
Epoch:    35 | Batch:    29 | Loss: 0.000742
Epoch:    35 | Batch:    39 | Loss: 0.000809
Epoch:    35 | Batch:    49 | Loss: 0.000716
Epoch:    35 | Batch:    59 | Loss: 0.000941
Epoch:    35 | Batch:    69 | Loss: 0.000716
Epoch:    35 | Batch:    79 | Loss: 0.000794
Epoch:    35 | Batch:    89 | Loss: 0.000777
Epoch:    35 | Batch:    99 | Loss: 0.001050
Epoch:    35 | Batch:   109 | Loss: 0.000982
Epoch:    35 | Batch:   119 | Loss: 0.001119
Epoch:    35 | Batch:   129 | Loss: 0.000748
Epoch:    35 | Batch:   139 | Loss: 0.000906
Epoch:    35 | Batch:   149 | Loss: 0.001028
Epoch:    35 | Batch:   159 | Loss: 0.001013
Epoch:    35 | Batch:   169 | Loss: 0.000877
Epoch:    35 | Batch:   179 | Loss: 0.000780
Epoch:    35 | Batch:   189 | Loss: 0.000948
Epoch:    35 | Batch:   199 | Loss: 0.000774
Epoch:    35 | Batch:   209 | Loss: 0.000734
Epoch:    35 | Batch:   219 | Loss: 0.000922
Epoch:    35 | Batch:   229 | Loss: 0.000751
Epoch:    35 | Batch:   239 | Loss: 0.000934
Epoch:    35 | Batch:   249 | Loss: 0.000685
Epoch:    35 | Batch:   259 | Loss: 0.000800
Epoch:    35 | Batch:   269 | Loss: 0.000735
Epoch:    35 | Batch:   279 | Loss: 0.000950
Epoch:    35 | Batch:   289 | Loss: 0.001209
Epoch:    35 | Batch:   299 | Loss: 0.000752
Epoch:    35 | Batch:   309 | Loss: 0.000862
Epoch:    35 | Batch:   319 | Loss: 0.000654
Epoch:    35 | Batch:   329 | Loss: 0.000645
Epoch:    35 | Batch:   339 | Loss: 0.000920
Epoch:    35 | Batch:   349 | Loss: 0.000902
Epoch:    35 | Batch:   359 | Loss: 0.001057
Epoch:    35 | Batch:   369 | Loss: 0.000856
Epoch:    35 | Batch:   379 | Loss: 0.000737
Epoch:    36 | Batch:     6 | Loss: 0.000977
Epoch:    36 | Batch:    16 | Loss: 0.000736
Epoch:    36 | Batch:    26 | Loss: 0.000919
Epoch:    36 | Batch:    36 | Loss: 0.000636
Epoch:    36 | Batch:    46 | Loss: 0.000737
Epoch:    36 | Batch:    56 | Loss: 0.000595
Epoch:    36 | Batch:    66 | Loss: 0.001041
Epoch:    36 | Batch:    76 | Loss: 0.000903
Epoch:    36 | Batch:    86 | Loss: 0.000866
Epoch:    36 | Batch:    96 | Loss: 0.000950
Epoch:    36 | Batch:   106 | Loss: 0.000928
Epoch:    36 | Batch:   116 | Loss: 0.000751
Epoch:    36 | Batch:   126 | Loss: 0.000794
Epoch:    36 | Batch:   136 | Loss: 0.000932
Epoch:    36 | Batch:   146 | Loss: 0.000954
Epoch:    36 | Batch:   156 | Loss: 0.000851
Epoch:    36 | Batch:   166 | Loss: 0.000801
Epoch:    36 | Batch:   176 | Loss: 0.000823
Epoch:    36 | Batch:   186 | Loss: 0.000916
Epoch:    36 | Batch:   196 | Loss: 0.000696
Epoch:    36 | Batch:   206 | Loss: 0.000633
Epoch:    36 | Batch:   216 | Loss: 0.000877
Epoch:    36 | Batch:   226 | Loss: 0.000815
Epoch:    36 | Batch:   236 | Loss: 0.000858
Epoch:    36 | Batch:   246 | Loss: 0.000869
Epoch:    36 | Batch:   256 | Loss: 0.000798
Epoch:    36 | Batch:   266 | Loss: 0.000952
Epoch:    36 | Batch:   276 | Loss: 0.000973
Epoch:    36 | Batch:   286 | Loss: 0.000790
Epoch:    36 | Batch:   296 | Loss: 0.000754
Epoch:    36 | Batch:   306 | Loss: 0.000744
Epoch:    36 | Batch:   316 | Loss: 0.000949
Epoch:    36 | Batch:   326 | Loss: 0.000856
Epoch:    36 | Batch:   336 | Loss: 0.000886
Epoch:    36 | Batch:   346 | Loss: 0.000891
Epoch:    36 | Batch:   356 | Loss: 0.000950
Epoch:    36 | Batch:   366 | Loss: 0.000971
Epoch:    36 | Batch:   376 | Loss: 0.000747
Epoch:    37 | Batch:     3 | Loss: 0.000806
Epoch:    37 | Batch:    13 | Loss: 0.000824
Epoch:    37 | Batch:    23 | Loss: 0.000784
Epoch:    37 | Batch:    33 | Loss: 0.000733
Epoch:    37 | Batch:    43 | Loss: 0.000772
Epoch:    37 | Batch:    53 | Loss: 0.000841
Epoch:    37 | Batch:    63 | Loss: 0.000696
Epoch:    37 | Batch:    73 | Loss: 0.000814
Epoch:    37 | Batch:    83 | Loss: 0.000951
Epoch:    37 | Batch:    93 | Loss: 0.000761
Epoch:    37 | Batch:   103 | Loss: 0.000866
Epoch:    37 | Batch:   113 | Loss: 0.000709
Epoch:    37 | Batch:   123 | Loss: 0.000675
Epoch:    37 | Batch:   133 | Loss: 0.000793
Epoch:    37 | Batch:   143 | Loss: 0.000660
Epoch:    37 | Batch:   153 | Loss: 0.000628
Epoch:    37 | Batch:   163 | Loss: 0.000709
Epoch:    37 | Batch:   173 | Loss: 0.000922
Epoch:    37 | Batch:   183 | Loss: 0.000952
Epoch:    37 | Batch:   193 | Loss: 0.001055
Epoch:    37 | Batch:   203 | Loss: 0.001038
Epoch:    37 | Batch:   213 | Loss: 0.000927
Epoch:    37 | Batch:   223 | Loss: 0.000724
Epoch:    37 | Batch:   233 | Loss: 0.000885
Epoch:    37 | Batch:   243 | Loss: 0.000861
Epoch:    37 | Batch:   253 | Loss: 0.000856
Epoch:    37 | Batch:   263 | Loss: 0.000839
Epoch:    37 | Batch:   273 | Loss: 0.000997
Epoch:    37 | Batch:   283 | Loss: 0.000728
Epoch:    37 | Batch:   293 | Loss: 0.000701
Epoch:    37 | Batch:   303 | Loss: 0.000772
Epoch:    37 | Batch:   313 | Loss: 0.000733
Epoch:    37 | Batch:   323 | Loss: 0.000831
Epoch:    37 | Batch:   333 | Loss: 0.000817
Epoch:    37 | Batch:   343 | Loss: 0.000719
Epoch:    37 | Batch:   353 | Loss: 0.000828
Epoch:    37 | Batch:   363 | Loss: 0.000852
Epoch:    37 | Batch:   373 | Loss: 0.000855
Epoch:    37 | Batch:   383 | Loss: 0.000828
Epoch:    38 | Batch:    10 | Loss: 0.000732
Epoch:    38 | Batch:    20 | Loss: 0.000783
Epoch:    38 | Batch:    30 | Loss: 0.000785
Epoch:    38 | Batch:    40 | Loss: 0.000862
Epoch:    38 | Batch:    50 | Loss: 0.000829
Epoch:    38 | Batch:    60 | Loss: 0.000624
Epoch:    38 | Batch:    70 | Loss: 0.000850
Epoch:    38 | Batch:    80 | Loss: 0.000664
Epoch:    38 | Batch:    90 | Loss: 0.000876
Epoch:    38 | Batch:   100 | Loss: 0.000952
Epoch:    38 | Batch:   110 | Loss: 0.000858
Epoch:    38 | Batch:   120 | Loss: 0.000875
Epoch:    38 | Batch:   130 | Loss: 0.000795
Epoch:    38 | Batch:   140 | Loss: 0.000694
Epoch:    38 | Batch:   150 | Loss: 0.001074
Epoch:    38 | Batch:   160 | Loss: 0.000715
Epoch:    38 | Batch:   170 | Loss: 0.000846
Epoch:    38 | Batch:   180 | Loss: 0.000886
Epoch:    38 | Batch:   190 | Loss: 0.000802
Epoch:    38 | Batch:   200 | Loss: 0.000745
Epoch:    38 | Batch:   210 | Loss: 0.000823
Epoch:    38 | Batch:   220 | Loss: 0.000787
Epoch:    38 | Batch:   230 | Loss: 0.000674
Epoch:    38 | Batch:   240 | Loss: 0.000918
Epoch:    38 | Batch:   250 | Loss: 0.000792
Epoch:    38 | Batch:   260 | Loss: 0.000654
Epoch:    38 | Batch:   270 | Loss: 0.000683
Epoch:    38 | Batch:   280 | Loss: 0.000754
Epoch:    38 | Batch:   290 | Loss: 0.000752
Epoch:    38 | Batch:   300 | Loss: 0.000748
Epoch:    38 | Batch:   310 | Loss: 0.000798
Epoch:    38 | Batch:   320 | Loss: 0.000821
Epoch:    38 | Batch:   330 | Loss: 0.000732
Epoch:    38 | Batch:   340 | Loss: 0.000805
Epoch:    38 | Batch:   350 | Loss: 0.000837
Epoch:    38 | Batch:   360 | Loss: 0.000683
Epoch:    38 | Batch:   370 | Loss: 0.000613
Epoch:    38 | Batch:   380 | Loss: 0.000700
Epoch:    39 | Batch:     7 | Loss: 0.000868
Epoch:    39 | Batch:    17 | Loss: 0.000862
Epoch:    39 | Batch:    27 | Loss: 0.000889
Epoch:    39 | Batch:    37 | Loss: 0.000821
Epoch:    39 | Batch:    47 | Loss: 0.000705
Epoch:    39 | Batch:    57 | Loss: 0.000730
Epoch:    39 | Batch:    67 | Loss: 0.000850
Epoch:    39 | Batch:    77 | Loss: 0.000876
Epoch:    39 | Batch:    87 | Loss: 0.000846
Epoch:    39 | Batch:    97 | Loss: 0.000629
Epoch:    39 | Batch:   107 | Loss: 0.000697
Epoch:    39 | Batch:   117 | Loss: 0.000774
Epoch:    39 | Batch:   127 | Loss: 0.000779
Epoch:    39 | Batch:   137 | Loss: 0.000895
Epoch:    39 | Batch:   147 | Loss: 0.000767
Epoch:    39 | Batch:   157 | Loss: 0.001063
Epoch:    39 | Batch:   167 | Loss: 0.000855
Epoch:    39 | Batch:   177 | Loss: 0.000767
Epoch:    39 | Batch:   187 | Loss: 0.000663
Epoch:    39 | Batch:   197 | Loss: 0.000957
Epoch:    39 | Batch:   207 | Loss: 0.000545
Epoch:    39 | Batch:   217 | Loss: 0.000935
Epoch:    39 | Batch:   227 | Loss: 0.000748
Epoch:    39 | Batch:   237 | Loss: 0.000780
Epoch:    39 | Batch:   247 | Loss: 0.000773
Epoch:    39 | Batch:   257 | Loss: 0.000811
Epoch:    39 | Batch:   267 | Loss: 0.000808
Epoch:    39 | Batch:   277 | Loss: 0.000772
Epoch:    39 | Batch:   287 | Loss: 0.001000
Epoch:    39 | Batch:   297 | Loss: 0.000902
Epoch:    39 | Batch:   307 | Loss: 0.000755
Epoch:    39 | Batch:   317 | Loss: 0.000737
Epoch:    39 | Batch:   327 | Loss: 0.000999
Epoch:    39 | Batch:   337 | Loss: 0.000657
Epoch:    39 | Batch:   347 | Loss: 0.000875
Epoch:    39 | Batch:   357 | Loss: 0.000582
Epoch:    39 | Batch:   367 | Loss: 0.000800
Epoch:    39 | Batch:   377 | Loss: 0.000929
Epoch:    40 | Batch:     4 | Loss: 0.000735
Epoch:    40 | Batch:    14 | Loss: 0.000735
Epoch:    40 | Batch:    24 | Loss: 0.000779
Epoch:    40 | Batch:    34 | Loss: 0.000725
Epoch:    40 | Batch:    44 | Loss: 0.000805
Epoch:    40 | Batch:    54 | Loss: 0.000791
Epoch:    40 | Batch:    64 | Loss: 0.000673
Epoch:    40 | Batch:    74 | Loss: 0.000743
Epoch:    40 | Batch:    84 | Loss: 0.000724
Epoch:    40 | Batch:    94 | Loss: 0.000767
Epoch:    40 | Batch:   104 | Loss: 0.000626
Epoch:    40 | Batch:   114 | Loss: 0.001109
Epoch:    40 | Batch:   124 | Loss: 0.000809
Epoch:    40 | Batch:   134 | Loss: 0.000669
Epoch:    40 | Batch:   144 | Loss: 0.000794
Epoch:    40 | Batch:   154 | Loss: 0.000858
Epoch:    40 | Batch:   164 | Loss: 0.000835
Epoch:    40 | Batch:   174 | Loss: 0.000738
Epoch:    40 | Batch:   184 | Loss: 0.000683
Epoch:    40 | Batch:   194 | Loss: 0.000946
Epoch:    40 | Batch:   204 | Loss: 0.000913
Epoch:    40 | Batch:   214 | Loss: 0.000667
Epoch:    40 | Batch:   224 | Loss: 0.000607
Epoch:    40 | Batch:   234 | Loss: 0.000655
Epoch:    40 | Batch:   244 | Loss: 0.000837
Epoch:    40 | Batch:   254 | Loss: 0.000652
Epoch:    40 | Batch:   264 | Loss: 0.000858
Epoch:    40 | Batch:   274 | Loss: 0.000581
Epoch:    40 | Batch:   284 | Loss: 0.000813
Epoch:    40 | Batch:   294 | Loss: 0.000579
Epoch:    40 | Batch:   304 | Loss: 0.000954
Epoch:    40 | Batch:   314 | Loss: 0.000936
Epoch:    40 | Batch:   324 | Loss: 0.000587
Epoch:    40 | Batch:   334 | Loss: 0.000741
Epoch:    40 | Batch:   344 | Loss: 0.000609
Epoch:    40 | Batch:   354 | Loss: 0.000821
Epoch:    40 | Batch:   364 | Loss: 0.000811
Epoch:    40 | Batch:   374 | Loss: 0.000751
Epoch:    41 | Batch:     1 | Loss: 0.000917
Epoch:    41 | Batch:    11 | Loss: 0.000805
Epoch:    41 | Batch:    21 | Loss: 0.000696
Epoch:    41 | Batch:    31 | Loss: 0.000755
Epoch:    41 | Batch:    41 | Loss: 0.000841
Epoch:    41 | Batch:    51 | Loss: 0.000849
Epoch:    41 | Batch:    61 | Loss: 0.000635
Epoch:    41 | Batch:    71 | Loss: 0.000883
Epoch:    41 | Batch:    81 | Loss: 0.000598
Epoch:    41 | Batch:    91 | Loss: 0.000884
Epoch:    41 | Batch:   101 | Loss: 0.000738
Epoch:    41 | Batch:   111 | Loss: 0.000841
Epoch:    41 | Batch:   121 | Loss: 0.000731
Epoch:    41 | Batch:   131 | Loss: 0.000631
Epoch:    41 | Batch:   141 | Loss: 0.000740
Epoch:    41 | Batch:   151 | Loss: 0.000862
Epoch:    41 | Batch:   161 | Loss: 0.000903
Epoch:    41 | Batch:   171 | Loss: 0.000710
Epoch:    41 | Batch:   181 | Loss: 0.000722
Epoch:    41 | Batch:   191 | Loss: 0.000769
Epoch:    41 | Batch:   201 | Loss: 0.000810
Epoch:    41 | Batch:   211 | Loss: 0.000864
Epoch:    41 | Batch:   221 | Loss: 0.000692
Epoch:    41 | Batch:   231 | Loss: 0.000814
Epoch:    41 | Batch:   241 | Loss: 0.000975
Epoch:    41 | Batch:   251 | Loss: 0.000881
Epoch:    41 | Batch:   261 | Loss: 0.000892
Epoch:    41 | Batch:   271 | Loss: 0.000720
Epoch:    41 | Batch:   281 | Loss: 0.000798
Epoch:    41 | Batch:   291 | Loss: 0.000870
Epoch:    41 | Batch:   301 | Loss: 0.000842
Epoch:    41 | Batch:   311 | Loss: 0.000698
Epoch:    41 | Batch:   321 | Loss: 0.000703
Epoch:    41 | Batch:   331 | Loss: 0.001106
Epoch:    41 | Batch:   341 | Loss: 0.000774
Epoch:    41 | Batch:   351 | Loss: 0.000721
Epoch:    41 | Batch:   361 | Loss: 0.000903
Epoch:    41 | Batch:   371 | Loss: 0.000639
Epoch:    41 | Batch:   381 | Loss: 0.000625
Epoch:    42 | Batch:     8 | Loss: 0.000806
Epoch:    42 | Batch:    18 | Loss: 0.000714
Epoch:    42 | Batch:    28 | Loss: 0.000811
Epoch:    42 | Batch:    38 | Loss: 0.000649
Epoch:    42 | Batch:    48 | Loss: 0.000750
Epoch:    42 | Batch:    58 | Loss: 0.000724
Epoch:    42 | Batch:    68 | Loss: 0.000853
Epoch:    42 | Batch:    78 | Loss: 0.000585
Epoch:    42 | Batch:    88 | Loss: 0.000751
Epoch:    42 | Batch:    98 | Loss: 0.000852
Epoch:    42 | Batch:   108 | Loss: 0.000839
Epoch:    42 | Batch:   118 | Loss: 0.000676
Epoch:    42 | Batch:   128 | Loss: 0.000758
Epoch:    42 | Batch:   138 | Loss: 0.000861
Epoch:    42 | Batch:   148 | Loss: 0.000875
Epoch:    42 | Batch:   158 | Loss: 0.000887
Epoch:    42 | Batch:   168 | Loss: 0.000603
Epoch:    42 | Batch:   178 | Loss: 0.000747
Epoch:    42 | Batch:   188 | Loss: 0.000858
Epoch:    42 | Batch:   198 | Loss: 0.000850
Epoch:    42 | Batch:   208 | Loss: 0.000729
Epoch:    42 | Batch:   218 | Loss: 0.000557
Epoch:    42 | Batch:   228 | Loss: 0.000826
Epoch:    42 | Batch:   238 | Loss: 0.000750
Epoch:    42 | Batch:   248 | Loss: 0.000726
Epoch:    42 | Batch:   258 | Loss: 0.000578
Epoch:    42 | Batch:   268 | Loss: 0.000855
Epoch:    42 | Batch:   278 | Loss: 0.000653
Epoch:    42 | Batch:   288 | Loss: 0.000671
Epoch:    42 | Batch:   298 | Loss: 0.000734
Epoch:    42 | Batch:   308 | Loss: 0.000797
Epoch:    42 | Batch:   318 | Loss: 0.000625
Epoch:    42 | Batch:   328 | Loss: 0.000790
Epoch:    42 | Batch:   338 | Loss: 0.000656
Epoch:    42 | Batch:   348 | Loss: 0.000808
Epoch:    42 | Batch:   358 | Loss: 0.001018
Epoch:    42 | Batch:   368 | Loss: 0.000890
Epoch:    42 | Batch:   378 | Loss: 0.000632
Epoch:    43 | Batch:     5 | Loss: 0.000778
Epoch:    43 | Batch:    15 | Loss: 0.000516
Epoch:    43 | Batch:    25 | Loss: 0.000742
Epoch:    43 | Batch:    35 | Loss: 0.000623
Epoch:    43 | Batch:    45 | Loss: 0.000760
Epoch:    43 | Batch:    55 | Loss: 0.000771
Epoch:    43 | Batch:    65 | Loss: 0.000824
Epoch:    43 | Batch:    75 | Loss: 0.000892
Epoch:    43 | Batch:    85 | Loss: 0.000738
Epoch:    43 | Batch:    95 | Loss: 0.000761
Epoch:    43 | Batch:   105 | Loss: 0.000575
Epoch:    43 | Batch:   115 | Loss: 0.000600
Epoch:    43 | Batch:   125 | Loss: 0.000632
Epoch:    43 | Batch:   135 | Loss: 0.000824
Epoch:    43 | Batch:   145 | Loss: 0.000977
Epoch:    43 | Batch:   155 | Loss: 0.000732
Epoch:    43 | Batch:   165 | Loss: 0.000706
Epoch:    43 | Batch:   175 | Loss: 0.000767
Epoch:    43 | Batch:   185 | Loss: 0.000987
Epoch:    43 | Batch:   195 | Loss: 0.000640
Epoch:    43 | Batch:   205 | Loss: 0.000670
Epoch:    43 | Batch:   215 | Loss: 0.000642
Epoch:    43 | Batch:   225 | Loss: 0.000753
Epoch:    43 | Batch:   235 | Loss: 0.000700
Epoch:    43 | Batch:   245 | Loss: 0.000636
Epoch:    43 | Batch:   255 | Loss: 0.000639
Epoch:    43 | Batch:   265 | Loss: 0.000890
Epoch:    43 | Batch:   275 | Loss: 0.000842
Epoch:    43 | Batch:   285 | Loss: 0.000821
Epoch:    43 | Batch:   295 | Loss: 0.000700
Epoch:    43 | Batch:   305 | Loss: 0.000923
Epoch:    43 | Batch:   315 | Loss: 0.000662
Epoch:    43 | Batch:   325 | Loss: 0.000657
Epoch:    43 | Batch:   335 | Loss: 0.000652
Epoch:    43 | Batch:   345 | Loss: 0.000758
Epoch:    43 | Batch:   355 | Loss: 0.000894
Epoch:    43 | Batch:   365 | Loss: 0.000864
Epoch:    43 | Batch:   375 | Loss: 0.000657
Epoch:    44 | Batch:     2 | Loss: 0.000714
Epoch:    44 | Batch:    12 | Loss: 0.000681
Epoch:    44 | Batch:    22 | Loss: 0.000809
Epoch:    44 | Batch:    32 | Loss: 0.000750
Epoch:    44 | Batch:    42 | Loss: 0.000725
Epoch:    44 | Batch:    52 | Loss: 0.001060
Epoch:    44 | Batch:    62 | Loss: 0.000997
Epoch:    44 | Batch:    72 | Loss: 0.000712
Epoch:    44 | Batch:    82 | Loss: 0.000632
Epoch:    44 | Batch:    92 | Loss: 0.000915
Epoch:    44 | Batch:   102 | Loss: 0.000777
Epoch:    44 | Batch:   112 | Loss: 0.000832
Epoch:    44 | Batch:   122 | Loss: 0.000870
Epoch:    44 | Batch:   132 | Loss: 0.000737
Epoch:    44 | Batch:   142 | Loss: 0.000845
Epoch:    44 | Batch:   152 | Loss: 0.000706
Epoch:    44 | Batch:   162 | Loss: 0.000953
Epoch:    44 | Batch:   172 | Loss: 0.000593
Epoch:    44 | Batch:   182 | Loss: 0.000879
Epoch:    44 | Batch:   192 | Loss: 0.000779
Epoch:    44 | Batch:   202 | Loss: 0.000864
Epoch:    44 | Batch:   212 | Loss: 0.000517
Epoch:    44 | Batch:   222 | Loss: 0.000595
Epoch:    44 | Batch:   232 | Loss: 0.000617
Epoch:    44 | Batch:   242 | Loss: 0.000943
Epoch:    44 | Batch:   252 | Loss: 0.000656
Epoch:    44 | Batch:   262 | Loss: 0.000587
Epoch:    44 | Batch:   272 | Loss: 0.000623
Epoch:    44 | Batch:   282 | Loss: 0.000686
Epoch:    44 | Batch:   292 | Loss: 0.000575
Epoch:    44 | Batch:   302 | Loss: 0.000713
Epoch:    44 | Batch:   312 | Loss: 0.000611
Epoch:    44 | Batch:   322 | Loss: 0.000737
Epoch:    44 | Batch:   332 | Loss: 0.000591
Epoch:    44 | Batch:   342 | Loss: 0.000991
Epoch:    44 | Batch:   352 | Loss: 0.000795
Epoch:    44 | Batch:   362 | Loss: 0.000818
Epoch:    44 | Batch:   372 | Loss: 0.000696
Epoch:    44 | Batch:   382 | Loss: 0.000648
Epoch:    45 | Batch:     9 | Loss: 0.000736
Epoch:    45 | Batch:    19 | Loss: 0.000743
Epoch:    45 | Batch:    29 | Loss: 0.000662
Epoch:    45 | Batch:    39 | Loss: 0.000682
Epoch:    45 | Batch:    49 | Loss: 0.000661
Epoch:    45 | Batch:    59 | Loss: 0.000706
Epoch:    45 | Batch:    69 | Loss: 0.000684
Epoch:    45 | Batch:    79 | Loss: 0.000733
Epoch:    45 | Batch:    89 | Loss: 0.000636
Epoch:    45 | Batch:    99 | Loss: 0.000830
Epoch:    45 | Batch:   109 | Loss: 0.000689
Epoch:    45 | Batch:   119 | Loss: 0.000893
Epoch:    45 | Batch:   129 | Loss: 0.000726
Epoch:    45 | Batch:   139 | Loss: 0.000713
Epoch:    45 | Batch:   149 | Loss: 0.000793
Epoch:    45 | Batch:   159 | Loss: 0.000667
Epoch:    45 | Batch:   169 | Loss: 0.000963
Epoch:    45 | Batch:   179 | Loss: 0.000797
Epoch:    45 | Batch:   189 | Loss: 0.000620
Epoch:    45 | Batch:   199 | Loss: 0.000769
Epoch:    45 | Batch:   209 | Loss: 0.000711
Epoch:    45 | Batch:   219 | Loss: 0.000637
Epoch:    45 | Batch:   229 | Loss: 0.000788
Epoch:    45 | Batch:   239 | Loss: 0.000664
Epoch:    45 | Batch:   249 | Loss: 0.000518
Epoch:    45 | Batch:   259 | Loss: 0.000610
Epoch:    45 | Batch:   269 | Loss: 0.000583
Epoch:    45 | Batch:   279 | Loss: 0.000530
Epoch:    45 | Batch:   289 | Loss: 0.000669
Epoch:    45 | Batch:   299 | Loss: 0.000890
Epoch:    45 | Batch:   309 | Loss: 0.000666
Epoch:    45 | Batch:   319 | Loss: 0.000760
Epoch:    45 | Batch:   329 | Loss: 0.000611
Epoch:    45 | Batch:   339 | Loss: 0.000756
Epoch:    45 | Batch:   349 | Loss: 0.000799
Epoch:    45 | Batch:   359 | Loss: 0.000696
Epoch:    45 | Batch:   369 | Loss: 0.000722
Epoch:    45 | Batch:   379 | Loss: 0.000728
Epoch:    46 | Batch:     6 | Loss: 0.000780
Epoch:    46 | Batch:    16 | Loss: 0.000689
Epoch:    46 | Batch:    26 | Loss: 0.000712
Epoch:    46 | Batch:    36 | Loss: 0.000749
Epoch:    46 | Batch:    46 | Loss: 0.000581
Epoch:    46 | Batch:    56 | Loss: 0.000782
Epoch:    46 | Batch:    66 | Loss: 0.000556
Epoch:    46 | Batch:    76 | Loss: 0.000803
Epoch:    46 | Batch:    86 | Loss: 0.000520
Epoch:    46 | Batch:    96 | Loss: 0.000800
Epoch:    46 | Batch:   106 | Loss: 0.000656
Epoch:    46 | Batch:   116 | Loss: 0.000658
Epoch:    46 | Batch:   126 | Loss: 0.000742
Epoch:    46 | Batch:   136 | Loss: 0.000743
Epoch:    46 | Batch:   146 | Loss: 0.000942
Epoch:    46 | Batch:   156 | Loss: 0.000722
Epoch:    46 | Batch:   166 | Loss: 0.000605
Epoch:    46 | Batch:   176 | Loss: 0.000538
Epoch:    46 | Batch:   186 | Loss: 0.000715
Epoch:    46 | Batch:   196 | Loss: 0.000793
Epoch:    46 | Batch:   206 | Loss: 0.000692
Epoch:    46 | Batch:   216 | Loss: 0.000623
Epoch:    46 | Batch:   226 | Loss: 0.000536
Epoch:    46 | Batch:   236 | Loss: 0.000585
Epoch:    46 | Batch:   246 | Loss: 0.000820
Epoch:    46 | Batch:   256 | Loss: 0.000836
Epoch:    46 | Batch:   266 | Loss: 0.000814
Epoch:    46 | Batch:   276 | Loss: 0.000562
Epoch:    46 | Batch:   286 | Loss: 0.000807
Epoch:    46 | Batch:   296 | Loss: 0.000745
Epoch:    46 | Batch:   306 | Loss: 0.000673
Epoch:    46 | Batch:   316 | Loss: 0.000804
Epoch:    46 | Batch:   326 | Loss: 0.000747
Epoch:    46 | Batch:   336 | Loss: 0.000733
Epoch:    46 | Batch:   346 | Loss: 0.000764
Epoch:    46 | Batch:   356 | Loss: 0.000743
Epoch:    46 | Batch:   366 | Loss: 0.000590
Epoch:    46 | Batch:   376 | Loss: 0.000663
Epoch:    47 | Batch:     3 | Loss: 0.000659
Epoch:    47 | Batch:    13 | Loss: 0.000752
Epoch:    47 | Batch:    23 | Loss: 0.000765
Epoch:    47 | Batch:    33 | Loss: 0.000625
Epoch:    47 | Batch:    43 | Loss: 0.000949
Epoch:    47 | Batch:    53 | Loss: 0.000763
Epoch:    47 | Batch:    63 | Loss: 0.000731
Epoch:    47 | Batch:    73 | Loss: 0.000683
Epoch:    47 | Batch:    83 | Loss: 0.000846
Epoch:    47 | Batch:    93 | Loss: 0.000612
Epoch:    47 | Batch:   103 | Loss: 0.000624
Epoch:    47 | Batch:   113 | Loss: 0.000874
Epoch:    47 | Batch:   123 | Loss: 0.000513
Epoch:    47 | Batch:   133 | Loss: 0.000672
Epoch:    47 | Batch:   143 | Loss: 0.000855
Epoch:    47 | Batch:   153 | Loss: 0.000619
Epoch:    47 | Batch:   163 | Loss: 0.000798
Epoch:    47 | Batch:   173 | Loss: 0.000833
Epoch:    47 | Batch:   183 | Loss: 0.000895
Epoch:    47 | Batch:   193 | Loss: 0.000921
Epoch:    47 | Batch:   203 | Loss: 0.000874
Epoch:    47 | Batch:   213 | Loss: 0.000719
Epoch:    47 | Batch:   223 | Loss: 0.000838
Epoch:    47 | Batch:   233 | Loss: 0.000884
Epoch:    47 | Batch:   243 | Loss: 0.000865
Epoch:    47 | Batch:   253 | Loss: 0.000986
Epoch:    47 | Batch:   263 | Loss: 0.000769
Epoch:    47 | Batch:   273 | Loss: 0.000638
Epoch:    47 | Batch:   283 | Loss: 0.000528
Epoch:    47 | Batch:   293 | Loss: 0.000608
Epoch:    47 | Batch:   303 | Loss: 0.000488
Epoch:    47 | Batch:   313 | Loss: 0.000680
Epoch:    47 | Batch:   323 | Loss: 0.000619
Epoch:    47 | Batch:   333 | Loss: 0.000780
Epoch:    47 | Batch:   343 | Loss: 0.000815
Epoch:    47 | Batch:   353 | Loss: 0.000789
Epoch:    47 | Batch:   363 | Loss: 0.000764
Epoch:    47 | Batch:   373 | Loss: 0.000659
Epoch:    47 | Batch:   383 | Loss: 0.000700
Epoch:    48 | Batch:    10 | Loss: 0.000883
Epoch:    48 | Batch:    20 | Loss: 0.000901
Epoch:    48 | Batch:    30 | Loss: 0.000709
Epoch:    48 | Batch:    40 | Loss: 0.000630
Epoch:    48 | Batch:    50 | Loss: 0.000636
Epoch:    48 | Batch:    60 | Loss: 0.000808
Epoch:    48 | Batch:    70 | Loss: 0.000679
Epoch:    48 | Batch:    80 | Loss: 0.000670
Epoch:    48 | Batch:    90 | Loss: 0.000856
Epoch:    48 | Batch:   100 | Loss: 0.000689
Epoch:    48 | Batch:   110 | Loss: 0.000735
Epoch:    48 | Batch:   120 | Loss: 0.000543
Epoch:    48 | Batch:   130 | Loss: 0.000641
Epoch:    48 | Batch:   140 | Loss: 0.000684
Epoch:    48 | Batch:   150 | Loss: 0.000554
Epoch:    48 | Batch:   160 | Loss: 0.000537
Epoch:    48 | Batch:   170 | Loss: 0.000982
Epoch:    48 | Batch:   180 | Loss: 0.000767
Epoch:    48 | Batch:   190 | Loss: 0.000868
Epoch:    48 | Batch:   200 | Loss: 0.000524
Epoch:    48 | Batch:   210 | Loss: 0.000701
Epoch:    48 | Batch:   220 | Loss: 0.000735
Epoch:    48 | Batch:   230 | Loss: 0.000651
Epoch:    48 | Batch:   240 | Loss: 0.000587
Epoch:    48 | Batch:   250 | Loss: 0.000744
Epoch:    48 | Batch:   260 | Loss: 0.000583
Epoch:    48 | Batch:   270 | Loss: 0.000760
Epoch:    48 | Batch:   280 | Loss: 0.000720
Epoch:    48 | Batch:   290 | Loss: 0.000739
Epoch:    48 | Batch:   300 | Loss: 0.000696
Epoch:    48 | Batch:   310 | Loss: 0.000650
Epoch:    48 | Batch:   320 | Loss: 0.000683
Epoch:    48 | Batch:   330 | Loss: 0.000672
Epoch:    48 | Batch:   340 | Loss: 0.000694
Epoch:    48 | Batch:   350 | Loss: 0.000558
Epoch:    48 | Batch:   360 | Loss: 0.000704
Epoch:    48 | Batch:   370 | Loss: 0.000705
Epoch:    48 | Batch:   380 | Loss: 0.000733
Epoch:    49 | Batch:     7 | Loss: 0.000580
Epoch:    49 | Batch:    17 | Loss: 0.000655
Epoch:    49 | Batch:    27 | Loss: 0.000667
Epoch:    49 | Batch:    37 | Loss: 0.000542
Epoch:    49 | Batch:    47 | Loss: 0.000813
Epoch:    49 | Batch:    57 | Loss: 0.000858
Epoch:    49 | Batch:    67 | Loss: 0.000677
Epoch:    49 | Batch:    77 | Loss: 0.000767
Epoch:    49 | Batch:    87 | Loss: 0.000745
Epoch:    49 | Batch:    97 | Loss: 0.000628
Epoch:    49 | Batch:   107 | Loss: 0.000740
Epoch:    49 | Batch:   117 | Loss: 0.000756
Epoch:    49 | Batch:   127 | Loss: 0.000770
Epoch:    49 | Batch:   137 | Loss: 0.000781
Epoch:    49 | Batch:   147 | Loss: 0.000580
Epoch:    49 | Batch:   157 | Loss: 0.000738
Epoch:    49 | Batch:   167 | Loss: 0.000521
Epoch:    49 | Batch:   177 | Loss: 0.000822
Epoch:    49 | Batch:   187 | Loss: 0.000650
Epoch:    49 | Batch:   197 | Loss: 0.000746
Epoch:    49 | Batch:   207 | Loss: 0.000609
Epoch:    49 | Batch:   217 | Loss: 0.000749
Epoch:    49 | Batch:   227 | Loss: 0.000693
Epoch:    49 | Batch:   237 | Loss: 0.000586
Epoch:    49 | Batch:   247 | Loss: 0.000785
Epoch:    49 | Batch:   257 | Loss: 0.000809
Epoch:    49 | Batch:   267 | Loss: 0.000634
Epoch:    49 | Batch:   277 | Loss: 0.000666
Epoch:    49 | Batch:   287 | Loss: 0.000747
Epoch:    49 | Batch:   297 | Loss: 0.000590
Epoch:    49 | Batch:   307 | Loss: 0.000709
Epoch:    49 | Batch:   317 | Loss: 0.000799
Epoch:    49 | Batch:   327 | Loss: 0.000805
Epoch:    49 | Batch:   337 | Loss: 0.000706
Epoch:    49 | Batch:   347 | Loss: 0.000539
Epoch:    49 | Batch:   357 | Loss: 0.000520
Epoch:    49 | Batch:   367 | Loss: 0.000592
Epoch:    49 | Batch:   377 | Loss: 0.000584
Epoch:    50 | Batch:     4 | Loss: 0.000506
Epoch:    50 | Batch:    14 | Loss: 0.000717
Epoch:    50 | Batch:    24 | Loss: 0.000631
Epoch:    50 | Batch:    34 | Loss: 0.000666
Epoch:    50 | Batch:    44 | Loss: 0.000768
Epoch:    50 | Batch:    54 | Loss: 0.000848
Epoch:    50 | Batch:    64 | Loss: 0.000654
Epoch:    50 | Batch:    74 | Loss: 0.000725
Epoch:    50 | Batch:    84 | Loss: 0.000757
Epoch:    50 | Batch:    94 | Loss: 0.000711
Epoch:    50 | Batch:   104 | Loss: 0.000818
Epoch:    50 | Batch:   114 | Loss: 0.000747
Epoch:    50 | Batch:   124 | Loss: 0.000795
Epoch:    50 | Batch:   134 | Loss: 0.000720
Epoch:    50 | Batch:   144 | Loss: 0.000688
Epoch:    50 | Batch:   154 | Loss: 0.001107
Epoch:    50 | Batch:   164 | Loss: 0.000804
Epoch:    50 | Batch:   174 | Loss: 0.000618
Epoch:    50 | Batch:   184 | Loss: 0.000576
Epoch:    50 | Batch:   194 | Loss: 0.000837
Epoch:    50 | Batch:   204 | Loss: 0.000677
Epoch:    50 | Batch:   214 | Loss: 0.000528
Epoch:    50 | Batch:   224 | Loss: 0.000851
Epoch:    50 | Batch:   234 | Loss: 0.000865
Epoch:    50 | Batch:   244 | Loss: 0.000756
Epoch:    50 | Batch:   254 | Loss: 0.000719
Epoch:    50 | Batch:   264 | Loss: 0.000717
Epoch:    50 | Batch:   274 | Loss: 0.000549
Epoch:    50 | Batch:   284 | Loss: 0.000720
Epoch:    50 | Batch:   294 | Loss: 0.000757
Epoch:    50 | Batch:   304 | Loss: 0.000715
Epoch:    50 | Batch:   314 | Loss: 0.000744
Epoch:    50 | Batch:   324 | Loss: 0.000950
Epoch:    50 | Batch:   334 | Loss: 0.000754
Epoch:    50 | Batch:   344 | Loss: 0.000774
Epoch:    50 | Batch:   354 | Loss: 0.000681
Epoch:    50 | Batch:   364 | Loss: 0.000852
Epoch:    50 | Batch:   374 | Loss: 0.000638
